<?xml version="1.0" encoding="UTF-8"?>
<!-- Generated by org.testng.reporters.JUnitXMLReporter -->
<testsuite ignored="0" hostname="DESKTOP-O7C6MH5" failures="0" tests="6" name="Default test" time="15.328" errors="0" timestamp="2025-02-18T15:51:15 IST">
  <testcase classname="api.test.DDTests" name="testPostuser" time="4.402"/>
  <testcase classname="api.test.DDTests" name="testPostuser" time="1.229"/>
  <testcase classname="api.test.DDTests" name="testPostuser" time="1.229"/>
  <testcase classname="api.test.DDTests" name="testDeleteUserByName" time="1.237"/>
  <testcase classname="api.test.DDTests" name="testDeleteUserByName" time="1.226"/>
  <testcase classname="api.test.DDTests" name="testDeleteUserByName" time="1.804"/>
</testsuite> <!-- Default test -->
