<?xml version="1.0" encoding="UTF-8"?>
<!-- Generated by org.testng.reporters.JUnitXMLReporter -->
<testsuite ignored="0" hostname="DESKTOP-O7C6MH5" failures="0" tests="4" name="PetTest" time="12.706" errors="0" timestamp="2025-02-19T12:08:16 IST">
  <testcase classname="api.test.UserTests2" name="testPostUser" time="4.767"/>
  <testcase classname="api.test.UserTests2" name="testGetUserByName" time="1.683"/>
  <testcase classname="api.test.UserTests2" name="testUpdateUserByName" time="3.155"/>
  <testcase classname="api.test.UserTests2" name="testDeleteUserByName" time="1.533"/>
</testsuite> <!-- PetTest -->
