<?xml version="1.0" encoding="UTF-8"?>
<!-- Generated by org.testng.reporters.JUnitXMLReporter -->
<testsuite ignored="0" hostname="DESKTOP-O7C6MH5" failures="0" tests="4" name="PetTest" time="15.722" errors="0" timestamp="2025-02-19T10:17:50 IST">
  <testcase classname="api.test.UserTests2" name="testPostUser" time="6.129"/>
  <testcase classname="api.test.UserTests2" name="testGetUserByName" time="1.593"/>
  <testcase classname="api.test.UserTests2" name="testUpdateUserByName" time="2.924"/>
  <testcase classname="api.test.UserTests2" name="testDeleteUserByName" time="1.528"/>
</testsuite> <!-- PetTest -->
